The system is: Linux - 3.10.40-ga7da876 - armv7l
Compiling the C compiler identification source file "CMakeCCompilerId.c" succeeded.
Compiler: /usr/bin/cc 
Build flags: 
Id flags: 

The output was:
0


Compilation of the C compiler identification source "CMakeCCompilerId.c" produced "a.out"

The C compiler identification is GNU, found in "/home/ubuntu/DriverlessCarChallenge/jetson/carControl/src/0.3/CMakeFiles/3.2.2/CompilerIdC/a.out"

Compiling the CXX compiler identification source file "CMakeCXXCompilerId.cpp" succeeded.
Compiler: /usr/bin/c++ 
Build flags: 
Id flags: 

The output was:
0


Compilation of the CXX compiler identification source "CMakeCXXCompilerId.cpp" produced "a.out"

The CXX compiler identification is GNU, found in "/home/ubuntu/DriverlessCarChallenge/jetson/carControl/src/0.3/CMakeFiles/3.2.2/CompilerIdCXX/a.out"

Determining if the C compiler works passed with the following output:
Change Dir: /home/ubuntu/DriverlessCarChallenge/jetson/carControl/src/0.3/CMakeFiles/CMakeTmp

Run Build Command:"/usr/bin/make" "cmTryCompileExec2935067862/fast"
/usr/bin/make -f CMakeFiles/cmTryCompileExec2935067862.dir/build.make CMakeFiles/cmTryCompileExec2935067862.dir/build
make[1]: Entering directory `/home/ubuntu/DriverlessCarChallenge/jetson/carControl/src/0.3/CMakeFiles/CMakeTmp'
/usr/bin/cmake -E cmake_progress_report /home/ubuntu/DriverlessCarChallenge/jetson/carControl/src/0.3/CMakeFiles/CMakeTmp/CMakeFiles 1
Building C object CMakeFiles/cmTryCompileExec2935067862.dir/testCCompiler.c.o
/usr/bin/cc    -o CMakeFiles/cmTryCompileExec2935067862.dir/testCCompiler.c.o   -c /home/ubuntu/DriverlessCarChallenge/jetson/carControl/src/0.3/CMakeFiles/CMakeTmp/testCCompiler.c
Linking C executable cmTryCompileExec2935067862
/usr/bin/cmake -E cmake_link_script CMakeFiles/cmTryCompileExec2935067862.dir/link.txt --verbose=1
/usr/bin/cc       CMakeFiles/cmTryCompileExec2935067862.dir/testCCompiler.c.o  -o cmTryCompileExec2935067862 -rdynamic 
make[1]: Leaving directory `/home/ubuntu/DriverlessCarChallenge/jetson/carControl/src/0.3/CMakeFiles/CMakeTmp'


Detecting C compiler ABI info compiled with the following output:
Change Dir: /home/ubuntu/DriverlessCarChallenge/jetson/carControl/src/0.3/CMakeFiles/CMakeTmp

Run Build Command:"/usr/bin/make" "cmTryCompileExec3962161511/fast"
/usr/bin/make -f CMakeFiles/cmTryCompileExec3962161511.dir/build.make CMakeFiles/cmTryCompileExec3962161511.dir/build
make[1]: Entering directory `/home/ubuntu/DriverlessCarChallenge/jetson/carControl/src/0.3/CMakeFiles/CMakeTmp'
/usr/bin/cmake -E cmake_progress_report /home/ubuntu/DriverlessCarChallenge/jetson/carControl/src/0.3/CMakeFiles/CMakeTmp/CMakeFiles 1
Building C object CMakeFiles/cmTryCompileExec3962161511.dir/CMakeCCompilerABI.c.o
/usr/bin/cc    -o CMakeFiles/cmTryCompileExec3962161511.dir/CMakeCCompilerABI.c.o   -c /usr/share/cmake-3.2/Modules/CMakeCCompilerABI.c
Linking C executable cmTryCompileExec3962161511
/usr/bin/cmake -E cmake_link_script CMakeFiles/cmTryCompileExec3962161511.dir/link.txt --verbose=1
/usr/bin/cc      -v CMakeFiles/cmTryCompileExec3962161511.dir/CMakeCCompilerABI.c.o  -o cmTryCompileExec3962161511 -rdynamic  
Using built-in specs.
COLLECT_GCC=/usr/bin/cc
COLLECT_LTO_WRAPPER=/usr/lib/gcc/arm-linux-gnueabihf/4.8/lto-wrapper
Target: arm-linux-gnueabihf
Configured with: ../src/configure -v --with-pkgversion='Ubuntu/Linaro 4.8.4-2ubuntu1~14.04.3' --with-bugurl=file:///usr/share/doc/gcc-4.8/README.Bugs --enable-languages=c,c++,java,go,d,fortran,objc,obj-c++ --prefix=/usr --program-suffix=-4.8 --enable-shared --enable-linker-build-id --libexecdir=/usr/lib --without-included-gettext --enable-threads=posix --with-gxx-include-dir=/usr/include/c++/4.8 --libdir=/usr/lib --enable-nls --with-sysroot=/ --enable-clocale=gnu --enable-libstdcxx-debug --enable-libstdcxx-time=yes --enable-gnu-unique-object --disable-libmudflap --disable-libitm --disable-libquadmath --enable-plugin --with-system-zlib --disable-browser-plugin --enable-java-awt=gtk --enable-gtk-cairo --with-java-home=/usr/lib/jvm/java-1.5.0-gcj-4.8-armhf/jre --enable-java-home --with-jvm-root-dir=/usr/lib/jvm/java-1.5.0-gcj-4.8-armhf --with-jvm-jar-dir=/usr/lib/jvm-exports/java-1.5.0-gcj-4.8-armhf --with-arch-directory=arm --with-ecj-jar=/usr/share/java/eclipse-ecj.jar --enable-objc-gc --enable-multiarch --enable-multilib --disable-sjlj-exceptions --with-arch=armv7-a --with-fpu=vfpv3-d16 --with-float=hard --with-mode=thumb --disable-werror --enable-checking=release --build=arm-linux-gnueabihf --host=arm-linux-gnueabihf --target=arm-linux-gnueabihf
Thread model: posix
gcc version 4.8.4 (Ubuntu/Linaro 4.8.4-2ubuntu1~14.04.3) 
COMPILER_PATH=/usr/lib/gcc/arm-linux-gnueabihf/4.8/:/usr/lib/gcc/arm-linux-gnueabihf/4.8/:/usr/lib/gcc/arm-linux-gnueabihf/:/usr/lib/gcc/arm-linux-gnueabihf/4.8/:/usr/lib/gcc/arm-linux-gnueabihf/
LIBRARY_PATH=/usr/lib/gcc/arm-linux-gnueabihf/4.8/:/usr/lib/gcc/arm-linux-gnueabihf/4.8/../../../arm-linux-gnueabihf/:/usr/lib/gcc/arm-linux-gnueabihf/4.8/../../../../lib/:/lib/arm-linux-gnueabihf/:/lib/../lib/:/usr/lib/arm-linux-gnueabihf/:/usr/lib/../lib/:/usr/lib/gcc/arm-linux-gnueabihf/4.8/../../../:/lib/:/usr/lib/
COLLECT_GCC_OPTIONS='-v' '-o' 'cmTryCompileExec3962161511' '-rdynamic' '-march=armv7-a' '-mfloat-abi=hard' '-mfpu=vfpv3-d16' '-mthumb' '-mtls-dialect=gnu'
 /usr/lib/gcc/arm-linux-gnueabihf/4.8/collect2 --sysroot=/ --build-id --eh-frame-hdr -export-dynamic -dynamic-linker /lib/ld-linux-armhf.so.3 -X --hash-style=gnu --as-needed -m armelf_linux_eabi -z relro -o cmTryCompileExec3962161511 /usr/lib/gcc/arm-linux-gnueabihf/4.8/../../../arm-linux-gnueabihf/crt1.o /usr/lib/gcc/arm-linux-gnueabihf/4.8/../../../arm-linux-gnueabihf/crti.o /usr/lib/gcc/arm-linux-gnueabihf/4.8/crtbegin.o -L/usr/lib/gcc/arm-linux-gnueabihf/4.8 -L/usr/lib/gcc/arm-linux-gnueabihf/4.8/../../../arm-linux-gnueabihf -L/usr/lib/gcc/arm-linux-gnueabihf/4.8/../../../../lib -L/lib/arm-linux-gnueabihf -L/lib/../lib -L/usr/lib/arm-linux-gnueabihf -L/usr/lib/../lib -L/usr/lib/gcc/arm-linux-gnueabihf/4.8/../../.. CMakeFiles/cmTryCompileExec3962161511.dir/CMakeCCompilerABI.c.o -lgcc --as-needed -lgcc_s --no-as-needed -lc -lgcc --as-needed -lgcc_s --no-as-needed /usr/lib/gcc/arm-linux-gnueabihf/4.8/crtend.o /usr/lib/gcc/arm-linux-gnueabihf/4.8/../../../arm-linux-gnueabihf/crtn.o
make[1]: Leaving directory `/home/ubuntu/DriverlessCarChallenge/jetson/carControl/src/0.3/CMakeFiles/CMakeTmp'


Parsed C implicit link information from above output:
  link line regex: [^( *|.*[/\])(ld|([^/\]+-)?ld|collect2)[^/\]*( |$)]
  ignore line: [Change Dir: /home/ubuntu/DriverlessCarChallenge/jetson/carControl/src/0.3/CMakeFiles/CMakeTmp]
  ignore line: []
  ignore line: [Run Build Command:"/usr/bin/make" "cmTryCompileExec3962161511/fast"]
  ignore line: [/usr/bin/make -f CMakeFiles/cmTryCompileExec3962161511.dir/build.make CMakeFiles/cmTryCompileExec3962161511.dir/build]
  ignore line: [make[1]: Entering directory `/home/ubuntu/DriverlessCarChallenge/jetson/carControl/src/0.3/CMakeFiles/CMakeTmp']
  ignore line: [/usr/bin/cmake -E cmake_progress_report /home/ubuntu/DriverlessCarChallenge/jetson/carControl/src/0.3/CMakeFiles/CMakeTmp/CMakeFiles 1]
  ignore line: [Building C object CMakeFiles/cmTryCompileExec3962161511.dir/CMakeCCompilerABI.c.o]
  ignore line: [/usr/bin/cc    -o CMakeFiles/cmTryCompileExec3962161511.dir/CMakeCCompilerABI.c.o   -c /usr/share/cmake-3.2/Modules/CMakeCCompilerABI.c]
  ignore line: [Linking C executable cmTryCompileExec3962161511]
  ignore line: [/usr/bin/cmake -E cmake_link_script CMakeFiles/cmTryCompileExec3962161511.dir/link.txt --verbose=1]
  ignore line: [/usr/bin/cc      -v CMakeFiles/cmTryCompileExec3962161511.dir/CMakeCCompilerABI.c.o  -o cmTryCompileExec3962161511 -rdynamic  ]
  ignore line: [Using built-in specs.]
  ignore line: [COLLECT_GCC=/usr/bin/cc]
  ignore line: [COLLECT_LTO_WRAPPER=/usr/lib/gcc/arm-linux-gnueabihf/4.8/lto-wrapper]
  ignore line: [Target: arm-linux-gnueabihf]
  ignore line: [Configured with: ../src/configure -v --with-pkgversion='Ubuntu/Linaro 4.8.4-2ubuntu1~14.04.3' --with-bugurl=file:///usr/share/doc/gcc-4.8/README.Bugs --enable-languages=c,c++,java,go,d,fortran,objc,obj-c++ --prefix=/usr --program-suffix=-4.8 --enable-shared --enable-linker-build-id --libexecdir=/usr/lib --without-included-gettext --enable-threads=posix --with-gxx-include-dir=/usr/include/c++/4.8 --libdir=/usr/lib --enable-nls --with-sysroot=/ --enable-clocale=gnu --enable-libstdcxx-debug --enable-libstdcxx-time=yes --enable-gnu-unique-object --disable-libmudflap --disable-libitm --disable-libquadmath --enable-plugin --with-system-zlib --disable-browser-plugin --enable-java-awt=gtk --enable-gtk-cairo --with-java-home=/usr/lib/jvm/java-1.5.0-gcj-4.8-armhf/jre --enable-java-home --with-jvm-root-dir=/usr/lib/jvm/java-1.5.0-gcj-4.8-armhf --with-jvm-jar-dir=/usr/lib/jvm-exports/java-1.5.0-gcj-4.8-armhf --with-arch-directory=arm --with-ecj-jar=/usr/share/java/eclipse-ecj.jar --enable-objc-gc --enable-multiarch --enable-multilib --disable-sjlj-exceptions --with-arch=armv7-a --with-fpu=vfpv3-d16 --with-float=hard --with-mode=thumb --disable-werror --enable-checking=release --build=arm-linux-gnueabihf --host=arm-linux-gnueabihf --target=arm-linux-gnueabihf]
  ignore line: [Thread model: posix]
  ignore line: [gcc version 4.8.4 (Ubuntu/Linaro 4.8.4-2ubuntu1~14.04.3) ]
  ignore line: [COMPILER_PATH=/usr/lib/gcc/arm-linux-gnueabihf/4.8/:/usr/lib/gcc/arm-linux-gnueabihf/4.8/:/usr/lib/gcc/arm-linux-gnueabihf/:/usr/lib/gcc/arm-linux-gnueabihf/4.8/:/usr/lib/gcc/arm-linux-gnueabihf/]
  ignore line: [LIBRARY_PATH=/usr/lib/gcc/arm-linux-gnueabihf/4.8/:/usr/lib/gcc/arm-linux-gnueabihf/4.8/../../../arm-linux-gnueabihf/:/usr/lib/gcc/arm-linux-gnueabihf/4.8/../../../../lib/:/lib/arm-linux-gnueabihf/:/lib/../lib/:/usr/lib/arm-linux-gnueabihf/:/usr/lib/../lib/:/usr/lib/gcc/arm-linux-gnueabihf/4.8/../../../:/lib/:/usr/lib/]
  ignore line: [COLLECT_GCC_OPTIONS='-v' '-o' 'cmTryCompileExec3962161511' '-rdynamic' '-march=armv7-a' '-mfloat-abi=hard' '-mfpu=vfpv3-d16' '-mthumb' '-mtls-dialect=gnu']
  link line: [ /usr/lib/gcc/arm-linux-gnueabihf/4.8/collect2 --sysroot=/ --build-id --eh-frame-hdr -export-dynamic -dynamic-linker /lib/ld-linux-armhf.so.3 -X --hash-style=gnu --as-needed -m armelf_linux_eabi -z relro -o cmTryCompileExec3962161511 /usr/lib/gcc/arm-linux-gnueabihf/4.8/../../../arm-linux-gnueabihf/crt1.o /usr/lib/gcc/arm-linux-gnueabihf/4.8/../../../arm-linux-gnueabihf/crti.o /usr/lib/gcc/arm-linux-gnueabihf/4.8/crtbegin.o -L/usr/lib/gcc/arm-linux-gnueabihf/4.8 -L/usr/lib/gcc/arm-linux-gnueabihf/4.8/../../../arm-linux-gnueabihf -L/usr/lib/gcc/arm-linux-gnueabihf/4.8/../../../../lib -L/lib/arm-linux-gnueabihf -L/lib/../lib -L/usr/lib/arm-linux-gnueabihf -L/usr/lib/../lib -L/usr/lib/gcc/arm-linux-gnueabihf/4.8/../../.. CMakeFiles/cmTryCompileExec3962161511.dir/CMakeCCompilerABI.c.o -lgcc --as-needed -lgcc_s --no-as-needed -lc -lgcc --as-needed -lgcc_s --no-as-needed /usr/lib/gcc/arm-linux-gnueabihf/4.8/crtend.o /usr/lib/gcc/arm-linux-gnueabihf/4.8/../../../arm-linux-gnueabihf/crtn.o]
    arg [/usr/lib/gcc/arm-linux-gnueabihf/4.8/collect2] ==> ignore
    arg [--sysroot=/] ==> ignore
    arg [--build-id] ==> ignore
    arg [--eh-frame-hdr] ==> ignore
    arg [-export-dynamic] ==> ignore
    arg [-dynamic-linker] ==> ignore
    arg [/lib/ld-linux-armhf.so.3] ==> ignore
    arg [-X] ==> ignore
    arg [--hash-style=gnu] ==> ignore
    arg [--as-needed] ==> ignore
    arg [-m] ==> ignore
    arg [armelf_linux_eabi] ==> ignore
    arg [-zrelro] ==> ignore
    arg [-o] ==> ignore
    arg [cmTryCompileExec3962161511] ==> ignore
    arg [/usr/lib/gcc/arm-linux-gnueabihf/4.8/../../../arm-linux-gnueabihf/crt1.o] ==> ignore
    arg [/usr/lib/gcc/arm-linux-gnueabihf/4.8/../../../arm-linux-gnueabihf/crti.o] ==> ignore
    arg [/usr/lib/gcc/arm-linux-gnueabihf/4.8/crtbegin.o] ==> ignore
    arg [-L/usr/lib/gcc/arm-linux-gnueabihf/4.8] ==> dir [/usr/lib/gcc/arm-linux-gnueabihf/4.8]
    arg [-L/usr/lib/gcc/arm-linux-gnueabihf/4.8/../../../arm-linux-gnueabihf] ==> dir [/usr/lib/gcc/arm-linux-gnueabihf/4.8/../../../arm-linux-gnueabihf]
    arg [-L/usr/lib/gcc/arm-linux-gnueabihf/4.8/../../../../lib] ==> dir [/usr/lib/gcc/arm-linux-gnueabihf/4.8/../../../../lib]
    arg [-L/lib/arm-linux-gnueabihf] ==> dir [/lib/arm-linux-gnueabihf]
    arg [-L/lib/../lib] ==> dir [/lib/../lib]
    arg [-L/usr/lib/arm-linux-gnueabihf] ==> dir [/usr/lib/arm-linux-gnueabihf]
    arg [-L/usr/lib/../lib] ==> dir [/usr/lib/../lib]
    arg [-L/usr/lib/gcc/arm-linux-gnueabihf/4.8/../../..] ==> dir [/usr/lib/gcc/arm-linux-gnueabihf/4.8/../../..]
    arg [CMakeFiles/cmTryCompileExec3962161511.dir/CMakeCCompilerABI.c.o] ==> ignore
    arg [-lgcc] ==> lib [gcc]
    arg [--as-needed] ==> ignore
    arg [-lgcc_s] ==> lib [gcc_s]
    arg [--no-as-needed] ==> ignore
    arg [-lc] ==> lib [c]
    arg [-lgcc] ==> lib [gcc]
    arg [--as-needed] ==> ignore
    arg [-lgcc_s] ==> lib [gcc_s]
    arg [--no-as-needed] ==> ignore
    arg [/usr/lib/gcc/arm-linux-gnueabihf/4.8/crtend.o] ==> ignore
    arg [/usr/lib/gcc/arm-linux-gnueabihf/4.8/../../../arm-linux-gnueabihf/crtn.o] ==> ignore
  remove lib [gcc]
  remove lib [gcc_s]
  remove lib [gcc]
  remove lib [gcc_s]
  collapse library dir [/usr/lib/gcc/arm-linux-gnueabihf/4.8] ==> [/usr/lib/gcc/arm-linux-gnueabihf/4.8]
  collapse library dir [/usr/lib/gcc/arm-linux-gnueabihf/4.8/../../../arm-linux-gnueabihf] ==> [/usr/lib/arm-linux-gnueabihf]
  collapse library dir [/usr/lib/gcc/arm-linux-gnueabihf/4.8/../../../../lib] ==> [/usr/lib]
  collapse library dir [/lib/arm-linux-gnueabihf] ==> [/lib/arm-linux-gnueabihf]
  collapse library dir [/lib/../lib] ==> [/lib]
  collapse library dir [/usr/lib/arm-linux-gnueabihf] ==> [/usr/lib/arm-linux-gnueabihf]
  collapse library dir [/usr/lib/../lib] ==> [/usr/lib]
  collapse library dir [/usr/lib/gcc/arm-linux-gnueabihf/4.8/../../..] ==> [/usr/lib]
  implicit libs: [c]
  implicit dirs: [/usr/lib/gcc/arm-linux-gnueabihf/4.8;/usr/lib/arm-linux-gnueabihf;/usr/lib;/lib/arm-linux-gnueabihf;/lib]
  implicit fwks: []




Detecting C [-std=c11] compiler features compiled with the following output:
Change Dir: /home/ubuntu/DriverlessCarChallenge/jetson/carControl/src/0.3/CMakeFiles/CMakeTmp

Run Build Command:"/usr/bin/make" "cmTryCompileExec1256653652/fast"
/usr/bin/make -f CMakeFiles/cmTryCompileExec1256653652.dir/build.make CMakeFiles/cmTryCompileExec1256653652.dir/build
make[1]: Entering directory `/home/ubuntu/DriverlessCarChallenge/jetson/carControl/src/0.3/CMakeFiles/CMakeTmp'
/usr/bin/cmake -E cmake_progress_report /home/ubuntu/DriverlessCarChallenge/jetson/carControl/src/0.3/CMakeFiles/CMakeTmp/CMakeFiles 1
Building C object CMakeFiles/cmTryCompileExec1256653652.dir/feature_tests.c.o
/usr/bin/cc   -std=c11 -o CMakeFiles/cmTryCompileExec1256653652.dir/feature_tests.c.o   -c /home/ubuntu/DriverlessCarChallenge/jetson/carControl/src/0.3/CMakeFiles/feature_tests.c
Linking C executable cmTryCompileExec1256653652
/usr/bin/cmake -E cmake_link_script CMakeFiles/cmTryCompileExec1256653652.dir/link.txt --verbose=1
/usr/bin/cc       CMakeFiles/cmTryCompileExec1256653652.dir/feature_tests.c.o  -o cmTryCompileExec1256653652 -rdynamic 
make[1]: Leaving directory `/home/ubuntu/DriverlessCarChallenge/jetson/carControl/src/0.3/CMakeFiles/CMakeTmp'


    Feature record: C_FEATURE:1c_function_prototypes
    Feature record: C_FEATURE:1c_restrict
    Feature record: C_FEATURE:1c_static_assert
    Feature record: C_FEATURE:1c_variadic_macros


Detecting C [-std=c99] compiler features compiled with the following output:
Change Dir: /home/ubuntu/DriverlessCarChallenge/jetson/carControl/src/0.3/CMakeFiles/CMakeTmp

Run Build Command:"/usr/bin/make" "cmTryCompileExec3333528996/fast"
/usr/bin/make -f CMakeFiles/cmTryCompileExec3333528996.dir/build.make CMakeFiles/cmTryCompileExec3333528996.dir/build
make[1]: Entering directory `/home/ubuntu/DriverlessCarChallenge/jetson/carControl/src/0.3/CMakeFiles/CMakeTmp'
/usr/bin/cmake -E cmake_progress_report /home/ubuntu/DriverlessCarChallenge/jetson/carControl/src/0.3/CMakeFiles/CMakeTmp/CMakeFiles 1
Building C object CMakeFiles/cmTryCompileExec3333528996.dir/feature_tests.c.o
/usr/bin/cc   -std=c99 -o CMakeFiles/cmTryCompileExec3333528996.dir/feature_tests.c.o   -c /home/ubuntu/DriverlessCarChallenge/jetson/carControl/src/0.3/CMakeFiles/feature_tests.c
Linking C executable cmTryCompileExec3333528996
/usr/bin/cmake -E cmake_link_script CMakeFiles/cmTryCompileExec3333528996.dir/link.txt --verbose=1
/usr/bin/cc       CMakeFiles/cmTryCompileExec3333528996.dir/feature_tests.c.o  -o cmTryCompileExec3333528996 -rdynamic 
make[1]: Leaving directory `/home/ubuntu/DriverlessCarChallenge/jetson/carControl/src/0.3/CMakeFiles/CMakeTmp'


    Feature record: C_FEATURE:1c_function_prototypes
    Feature record: C_FEATURE:1c_restrict
    Feature record: C_FEATURE:0c_static_assert
    Feature record: C_FEATURE:1c_variadic_macros


Detecting C [-std=c90] compiler features compiled with the following output:
Change Dir: /home/ubuntu/DriverlessCarChallenge/jetson/carControl/src/0.3/CMakeFiles/CMakeTmp

Run Build Command:"/usr/bin/make" "cmTryCompileExec2845064675/fast"
/usr/bin/make -f CMakeFiles/cmTryCompileExec2845064675.dir/build.make CMakeFiles/cmTryCompileExec2845064675.dir/build
make[1]: Entering directory `/home/ubuntu/DriverlessCarChallenge/jetson/carControl/src/0.3/CMakeFiles/CMakeTmp'
/usr/bin/cmake -E cmake_progress_report /home/ubuntu/DriverlessCarChallenge/jetson/carControl/src/0.3/CMakeFiles/CMakeTmp/CMakeFiles 1
Building C object CMakeFiles/cmTryCompileExec2845064675.dir/feature_tests.c.o
/usr/bin/cc   -std=c90 -o CMakeFiles/cmTryCompileExec2845064675.dir/feature_tests.c.o   -c /home/ubuntu/DriverlessCarChallenge/jetson/carControl/src/0.3/CMakeFiles/feature_tests.c
Linking C executable cmTryCompileExec2845064675
/usr/bin/cmake -E cmake_link_script CMakeFiles/cmTryCompileExec2845064675.dir/link.txt --verbose=1
/usr/bin/cc       CMakeFiles/cmTryCompileExec2845064675.dir/feature_tests.c.o  -o cmTryCompileExec2845064675 -rdynamic 
make[1]: Leaving directory `/home/ubuntu/DriverlessCarChallenge/jetson/carControl/src/0.3/CMakeFiles/CMakeTmp'


    Feature record: C_FEATURE:1c_function_prototypes
    Feature record: C_FEATURE:0c_restrict
    Feature record: C_FEATURE:0c_static_assert
    Feature record: C_FEATURE:0c_variadic_macros
Determining if the CXX compiler works passed with the following output:
Change Dir: /home/ubuntu/DriverlessCarChallenge/jetson/carControl/src/0.3/CMakeFiles/CMakeTmp

Run Build Command:"/usr/bin/make" "cmTryCompileExec2230071078/fast"
/usr/bin/make -f CMakeFiles/cmTryCompileExec2230071078.dir/build.make CMakeFiles/cmTryCompileExec2230071078.dir/build
make[1]: Entering directory `/home/ubuntu/DriverlessCarChallenge/jetson/carControl/src/0.3/CMakeFiles/CMakeTmp'
/usr/bin/cmake -E cmake_progress_report /home/ubuntu/DriverlessCarChallenge/jetson/carControl/src/0.3/CMakeFiles/CMakeTmp/CMakeFiles 1
Building CXX object CMakeFiles/cmTryCompileExec2230071078.dir/testCXXCompiler.cxx.o
/usr/bin/c++     -o CMakeFiles/cmTryCompileExec2230071078.dir/testCXXCompiler.cxx.o -c /home/ubuntu/DriverlessCarChallenge/jetson/carControl/src/0.3/CMakeFiles/CMakeTmp/testCXXCompiler.cxx
Linking CXX executable cmTryCompileExec2230071078
/usr/bin/cmake -E cmake_link_script CMakeFiles/cmTryCompileExec2230071078.dir/link.txt --verbose=1
/usr/bin/c++        CMakeFiles/cmTryCompileExec2230071078.dir/testCXXCompiler.cxx.o  -o cmTryCompileExec2230071078 -rdynamic 
make[1]: Leaving directory `/home/ubuntu/DriverlessCarChallenge/jetson/carControl/src/0.3/CMakeFiles/CMakeTmp'


Detecting CXX compiler ABI info compiled with the following output:
Change Dir: /home/ubuntu/DriverlessCarChallenge/jetson/carControl/src/0.3/CMakeFiles/CMakeTmp

Run Build Command:"/usr/bin/make" "cmTryCompileExec3130798638/fast"
/usr/bin/make -f CMakeFiles/cmTryCompileExec3130798638.dir/build.make CMakeFiles/cmTryCompileExec3130798638.dir/build
make[1]: Entering directory `/home/ubuntu/DriverlessCarChallenge/jetson/carControl/src/0.3/CMakeFiles/CMakeTmp'
/usr/bin/cmake -E cmake_progress_report /home/ubuntu/DriverlessCarChallenge/jetson/carControl/src/0.3/CMakeFiles/CMakeTmp/CMakeFiles 1
Building CXX object CMakeFiles/cmTryCompileExec3130798638.dir/CMakeCXXCompilerABI.cpp.o
/usr/bin/c++     -o CMakeFiles/cmTryCompileExec3130798638.dir/CMakeCXXCompilerABI.cpp.o -c /usr/share/cmake-3.2/Modules/CMakeCXXCompilerABI.cpp
Linking CXX executable cmTryCompileExec3130798638
/usr/bin/cmake -E cmake_link_script CMakeFiles/cmTryCompileExec3130798638.dir/link.txt --verbose=1
/usr/bin/c++       -v CMakeFiles/cmTryCompileExec3130798638.dir/CMakeCXXCompilerABI.cpp.o  -o cmTryCompileExec3130798638 -rdynamic  
Using built-in specs.
COLLECT_GCC=/usr/bin/c++
COLLECT_LTO_WRAPPER=/usr/lib/gcc/arm-linux-gnueabihf/4.8/lto-wrapper
Target: arm-linux-gnueabihf
Configured with: ../src/configure -v --with-pkgversion='Ubuntu/Linaro 4.8.4-2ubuntu1~14.04.3' --with-bugurl=file:///usr/share/doc/gcc-4.8/README.Bugs --enable-languages=c,c++,java,go,d,fortran,objc,obj-c++ --prefix=/usr --program-suffix=-4.8 --enable-shared --enable-linker-build-id --libexecdir=/usr/lib --without-included-gettext --enable-threads=posix --with-gxx-include-dir=/usr/include/c++/4.8 --libdir=/usr/lib --enable-nls --with-sysroot=/ --enable-clocale=gnu --enable-libstdcxx-debug --enable-libstdcxx-time=yes --enable-gnu-unique-object --disable-libmudflap --disable-libitm --disable-libquadmath --enable-plugin --with-system-zlib --disable-browser-plugin --enable-java-awt=gtk --enable-gtk-cairo --with-java-home=/usr/lib/jvm/java-1.5.0-gcj-4.8-armhf/jre --enable-java-home --with-jvm-root-dir=/usr/lib/jvm/java-1.5.0-gcj-4.8-armhf --with-jvm-jar-dir=/usr/lib/jvm-exports/java-1.5.0-gcj-4.8-armhf --with-arch-directory=arm --with-ecj-jar=/usr/share/java/eclipse-ecj.jar --enable-objc-gc --enable-multiarch --enable-multilib --disable-sjlj-exceptions --with-arch=armv7-a --with-fpu=vfpv3-d16 --with-float=hard --with-mode=thumb --disable-werror --enable-checking=release --build=arm-linux-gnueabihf --host=arm-linux-gnueabihf --target=arm-linux-gnueabihf
Thread model: posix
gcc version 4.8.4 (Ubuntu/Linaro 4.8.4-2ubuntu1~14.04.3) 
COMPILER_PATH=/usr/lib/gcc/arm-linux-gnueabihf/4.8/:/usr/lib/gcc/arm-linux-gnueabihf/4.8/:/usr/lib/gcc/arm-linux-gnueabihf/:/usr/lib/gcc/arm-linux-gnueabihf/4.8/:/usr/lib/gcc/arm-linux-gnueabihf/
LIBRARY_PATH=/usr/lib/gcc/arm-linux-gnueabihf/4.8/:/usr/lib/gcc/arm-linux-gnueabihf/4.8/../../../arm-linux-gnueabihf/:/usr/lib/gcc/arm-linux-gnueabihf/4.8/../../../../lib/:/lib/arm-linux-gnueabihf/:/lib/../lib/:/usr/lib/arm-linux-gnueabihf/:/usr/lib/../lib/:/usr/lib/gcc/arm-linux-gnueabihf/4.8/../../../:/lib/:/usr/lib/
COLLECT_GCC_OPTIONS='-v' '-o' 'cmTryCompileExec3130798638' '-rdynamic' '-shared-libgcc' '-march=armv7-a' '-mfloat-abi=hard' '-mfpu=vfpv3-d16' '-mthumb' '-mtls-dialect=gnu'
 /usr/lib/gcc/arm-linux-gnueabihf/4.8/collect2 --sysroot=/ --build-id --eh-frame-hdr -export-dynamic -dynamic-linker /lib/ld-linux-armhf.so.3 -X --hash-style=gnu --as-needed -m armelf_linux_eabi -z relro -o cmTryCompileExec3130798638 /usr/lib/gcc/arm-linux-gnueabihf/4.8/../../../arm-linux-gnueabihf/crt1.o /usr/lib/gcc/arm-linux-gnueabihf/4.8/../../../arm-linux-gnueabihf/crti.o /usr/lib/gcc/arm-linux-gnueabihf/4.8/crtbegin.o -L/usr/lib/gcc/arm-linux-gnueabihf/4.8 -L/usr/lib/gcc/arm-linux-gnueabihf/4.8/../../../arm-linux-gnueabihf -L/usr/lib/gcc/arm-linux-gnueabihf/4.8/../../../../lib -L/lib/arm-linux-gnueabihf -L/lib/../lib -L/usr/lib/arm-linux-gnueabihf -L/usr/lib/../lib -L/usr/lib/gcc/arm-linux-gnueabihf/4.8/../../.. CMakeFiles/cmTryCompileExec3130798638.dir/CMakeCXXCompilerABI.cpp.o -lstdc++ -lm -lgcc_s -lgcc -lc -lgcc_s -lgcc /usr/lib/gcc/arm-linux-gnueabihf/4.8/crtend.o /usr/lib/gcc/arm-linux-gnueabihf/4.8/../../../arm-linux-gnueabihf/crtn.o
make[1]: Leaving directory `/home/ubuntu/DriverlessCarChallenge/jetson/carControl/src/0.3/CMakeFiles/CMakeTmp'


Parsed CXX implicit link information from above output:
  link line regex: [^( *|.*[/\])(ld|([^/\]+-)?ld|collect2)[^/\]*( |$)]
  ignore line: [Change Dir: /home/ubuntu/DriverlessCarChallenge/jetson/carControl/src/0.3/CMakeFiles/CMakeTmp]
  ignore line: []
  ignore line: [Run Build Command:"/usr/bin/make" "cmTryCompileExec3130798638/fast"]
  ignore line: [/usr/bin/make -f CMakeFiles/cmTryCompileExec3130798638.dir/build.make CMakeFiles/cmTryCompileExec3130798638.dir/build]
  ignore line: [make[1]: Entering directory `/home/ubuntu/DriverlessCarChallenge/jetson/carControl/src/0.3/CMakeFiles/CMakeTmp']
  ignore line: [/usr/bin/cmake -E cmake_progress_report /home/ubuntu/DriverlessCarChallenge/jetson/carControl/src/0.3/CMakeFiles/CMakeTmp/CMakeFiles 1]
  ignore line: [Building CXX object CMakeFiles/cmTryCompileExec3130798638.dir/CMakeCXXCompilerABI.cpp.o]
  ignore line: [/usr/bin/c++     -o CMakeFiles/cmTryCompileExec3130798638.dir/CMakeCXXCompilerABI.cpp.o -c /usr/share/cmake-3.2/Modules/CMakeCXXCompilerABI.cpp]
  ignore line: [Linking CXX executable cmTryCompileExec3130798638]
  ignore line: [/usr/bin/cmake -E cmake_link_script CMakeFiles/cmTryCompileExec3130798638.dir/link.txt --verbose=1]
  ignore line: [/usr/bin/c++       -v CMakeFiles/cmTryCompileExec3130798638.dir/CMakeCXXCompilerABI.cpp.o  -o cmTryCompileExec3130798638 -rdynamic  ]
  ignore line: [Using built-in specs.]
  ignore line: [COLLECT_GCC=/usr/bin/c++]
  ignore line: [COLLECT_LTO_WRAPPER=/usr/lib/gcc/arm-linux-gnueabihf/4.8/lto-wrapper]
  ignore line: [Target: arm-linux-gnueabihf]
  ignore line: [Configured with: ../src/configure -v --with-pkgversion='Ubuntu/Linaro 4.8.4-2ubuntu1~14.04.3' --with-bugurl=file:///usr/share/doc/gcc-4.8/README.Bugs --enable-languages=c,c++,java,go,d,fortran,objc,obj-c++ --prefix=/usr --program-suffix=-4.8 --enable-shared --enable-linker-build-id --libexecdir=/usr/lib --without-included-gettext --enable-threads=posix --with-gxx-include-dir=/usr/include/c++/4.8 --libdir=/usr/lib --enable-nls --with-sysroot=/ --enable-clocale=gnu --enable-libstdcxx-debug --enable-libstdcxx-time=yes --enable-gnu-unique-object --disable-libmudflap --disable-libitm --disable-libquadmath --enable-plugin --with-system-zlib --disable-browser-plugin --enable-java-awt=gtk --enable-gtk-cairo --with-java-home=/usr/lib/jvm/java-1.5.0-gcj-4.8-armhf/jre --enable-java-home --with-jvm-root-dir=/usr/lib/jvm/java-1.5.0-gcj-4.8-armhf --with-jvm-jar-dir=/usr/lib/jvm-exports/java-1.5.0-gcj-4.8-armhf --with-arch-directory=arm --with-ecj-jar=/usr/share/java/eclipse-ecj.jar --enable-objc-gc --enable-multiarch --enable-multilib --disable-sjlj-exceptions --with-arch=armv7-a --with-fpu=vfpv3-d16 --with-float=hard --with-mode=thumb --disable-werror --enable-checking=release --build=arm-linux-gnueabihf --host=arm-linux-gnueabihf --target=arm-linux-gnueabihf]
  ignore line: [Thread model: posix]
  ignore line: [gcc version 4.8.4 (Ubuntu/Linaro 4.8.4-2ubuntu1~14.04.3) ]
  ignore line: [COMPILER_PATH=/usr/lib/gcc/arm-linux-gnueabihf/4.8/:/usr/lib/gcc/arm-linux-gnueabihf/4.8/:/usr/lib/gcc/arm-linux-gnueabihf/:/usr/lib/gcc/arm-linux-gnueabihf/4.8/:/usr/lib/gcc/arm-linux-gnueabihf/]
  ignore line: [LIBRARY_PATH=/usr/lib/gcc/arm-linux-gnueabihf/4.8/:/usr/lib/gcc/arm-linux-gnueabihf/4.8/../../../arm-linux-gnueabihf/:/usr/lib/gcc/arm-linux-gnueabihf/4.8/../../../../lib/:/lib/arm-linux-gnueabihf/:/lib/../lib/:/usr/lib/arm-linux-gnueabihf/:/usr/lib/../lib/:/usr/lib/gcc/arm-linux-gnueabihf/4.8/../../../:/lib/:/usr/lib/]
  ignore line: [COLLECT_GCC_OPTIONS='-v' '-o' 'cmTryCompileExec3130798638' '-rdynamic' '-shared-libgcc' '-march=armv7-a' '-mfloat-abi=hard' '-mfpu=vfpv3-d16' '-mthumb' '-mtls-dialect=gnu']
  link line: [ /usr/lib/gcc/arm-linux-gnueabihf/4.8/collect2 --sysroot=/ --build-id --eh-frame-hdr -export-dynamic -dynamic-linker /lib/ld-linux-armhf.so.3 -X --hash-style=gnu --as-needed -m armelf_linux_eabi -z relro -o cmTryCompileExec3130798638 /usr/lib/gcc/arm-linux-gnueabihf/4.8/../../../arm-linux-gnueabihf/crt1.o /usr/lib/gcc/arm-linux-gnueabihf/4.8/../../../arm-linux-gnueabihf/crti.o /usr/lib/gcc/arm-linux-gnueabihf/4.8/crtbegin.o -L/usr/lib/gcc/arm-linux-gnueabihf/4.8 -L/usr/lib/gcc/arm-linux-gnueabihf/4.8/../../../arm-linux-gnueabihf -L/usr/lib/gcc/arm-linux-gnueabihf/4.8/../../../../lib -L/lib/arm-linux-gnueabihf -L/lib/../lib -L/usr/lib/arm-linux-gnueabihf -L/usr/lib/../lib -L/usr/lib/gcc/arm-linux-gnueabihf/4.8/../../.. CMakeFiles/cmTryCompileExec3130798638.dir/CMakeCXXCompilerABI.cpp.o -lstdc++ -lm -lgcc_s -lgcc -lc -lgcc_s -lgcc /usr/lib/gcc/arm-linux-gnueabihf/4.8/crtend.o /usr/lib/gcc/arm-linux-gnueabihf/4.8/../../../arm-linux-gnueabihf/crtn.o]
    arg [/usr/lib/gcc/arm-linux-gnueabihf/4.8/collect2] ==> ignore
    arg [--sysroot=/] ==> ignore
    arg [--build-id] ==> ignore
    arg [--eh-frame-hdr] ==> ignore
    arg [-export-dynamic] ==> ignore
    arg [-dynamic-linker] ==> ignore
    arg [/lib/ld-linux-armhf.so.3] ==> ignore
    arg [-X] ==> ignore
    arg [--hash-style=gnu] ==> ignore
    arg [--as-needed] ==> ignore
    arg [-m] ==> ignore
    arg [armelf_linux_eabi] ==> ignore
    arg [-zrelro] ==> ignore
    arg [-o] ==> ignore
    arg [cmTryCompileExec3130798638] ==> ignore
    arg [/usr/lib/gcc/arm-linux-gnueabihf/4.8/../../../arm-linux-gnueabihf/crt1.o] ==> ignore
    arg [/usr/lib/gcc/arm-linux-gnueabihf/4.8/../../../arm-linux-gnueabihf/crti.o] ==> ignore
    arg [/usr/lib/gcc/arm-linux-gnueabihf/4.8/crtbegin.o] ==> ignore
    arg [-L/usr/lib/gcc/arm-linux-gnueabihf/4.8] ==> dir [/usr/lib/gcc/arm-linux-gnueabihf/4.8]
    arg [-L/usr/lib/gcc/arm-linux-gnueabihf/4.8/../../../arm-linux-gnueabihf] ==> dir [/usr/lib/gcc/arm-linux-gnueabihf/4.8/../../../arm-linux-gnueabihf]
    arg [-L/usr/lib/gcc/arm-linux-gnueabihf/4.8/../../../../lib] ==> dir [/usr/lib/gcc/arm-linux-gnueabihf/4.8/../../../../lib]
    arg [-L/lib/arm-linux-gnueabihf] ==> dir [/lib/arm-linux-gnueabihf]
    arg [-L/lib/../lib] ==> dir [/lib/../lib]
    arg [-L/usr/lib/arm-linux-gnueabihf] ==> dir [/usr/lib/arm-linux-gnueabihf]
    arg [-L/usr/lib/../lib] ==> dir [/usr/lib/../lib]
    arg [-L/usr/lib/gcc/arm-linux-gnueabihf/4.8/../../..] ==> dir [/usr/lib/gcc/arm-linux-gnueabihf/4.8/../../..]
    arg [CMakeFiles/cmTryCompileExec3130798638.dir/CMakeCXXCompilerABI.cpp.o] ==> ignore
    arg [-lstdc++] ==> lib [stdc++]
    arg [-lm] ==> lib [m]
    arg [-lgcc_s] ==> lib [gcc_s]
    arg [-lgcc] ==> lib [gcc]
    arg [-lc] ==> lib [c]
    arg [-lgcc_s] ==> lib [gcc_s]
    arg [-lgcc] ==> lib [gcc]
    arg [/usr/lib/gcc/arm-linux-gnueabihf/4.8/crtend.o] ==> ignore
    arg [/usr/lib/gcc/arm-linux-gnueabihf/4.8/../../../arm-linux-gnueabihf/crtn.o] ==> ignore
  remove lib [gcc_s]
  remove lib [gcc]
  remove lib [gcc_s]
  remove lib [gcc]
  collapse library dir [/usr/lib/gcc/arm-linux-gnueabihf/4.8] ==> [/usr/lib/gcc/arm-linux-gnueabihf/4.8]
  collapse library dir [/usr/lib/gcc/arm-linux-gnueabihf/4.8/../../../arm-linux-gnueabihf] ==> [/usr/lib/arm-linux-gnueabihf]
  collapse library dir [/usr/lib/gcc/arm-linux-gnueabihf/4.8/../../../../lib] ==> [/usr/lib]
  collapse library dir [/lib/arm-linux-gnueabihf] ==> [/lib/arm-linux-gnueabihf]
  collapse library dir [/lib/../lib] ==> [/lib]
  collapse library dir [/usr/lib/arm-linux-gnueabihf] ==> [/usr/lib/arm-linux-gnueabihf]
  collapse library dir [/usr/lib/../lib] ==> [/usr/lib]
  collapse library dir [/usr/lib/gcc/arm-linux-gnueabihf/4.8/../../..] ==> [/usr/lib]
  implicit libs: [stdc++;m;c]
  implicit dirs: [/usr/lib/gcc/arm-linux-gnueabihf/4.8;/usr/lib/arm-linux-gnueabihf;/usr/lib;/lib/arm-linux-gnueabihf;/lib]
  implicit fwks: []




Detecting CXX [-std=c++1y] compiler features compiled with the following output:
Change Dir: /home/ubuntu/DriverlessCarChallenge/jetson/carControl/src/0.3/CMakeFiles/CMakeTmp

Run Build Command:"/usr/bin/make" "cmTryCompileExec1958715677/fast"
/usr/bin/make -f CMakeFiles/cmTryCompileExec1958715677.dir/build.make CMakeFiles/cmTryCompileExec1958715677.dir/build
make[1]: Entering directory `/home/ubuntu/DriverlessCarChallenge/jetson/carControl/src/0.3/CMakeFiles/CMakeTmp'
/usr/bin/cmake -E cmake_progress_report /home/ubuntu/DriverlessCarChallenge/jetson/carControl/src/0.3/CMakeFiles/CMakeTmp/CMakeFiles 1
Building CXX object CMakeFiles/cmTryCompileExec1958715677.dir/feature_tests.cxx.o
/usr/bin/c++    -std=c++1y -o CMakeFiles/cmTryCompileExec1958715677.dir/feature_tests.cxx.o -c /home/ubuntu/DriverlessCarChallenge/jetson/carControl/src/0.3/CMakeFiles/feature_tests.cxx
Linking CXX executable cmTryCompileExec1958715677
/usr/bin/cmake -E cmake_link_script CMakeFiles/cmTryCompileExec1958715677.dir/link.txt --verbose=1
/usr/bin/c++        CMakeFiles/cmTryCompileExec1958715677.dir/feature_tests.cxx.o  -o cmTryCompileExec1958715677 -rdynamic 
make[1]: Leaving directory `/home/ubuntu/DriverlessCarChallenge/jetson/carControl/src/0.3/CMakeFiles/CMakeTmp'


    Feature record: CXX_FEATURE:0cxx_aggregate_default_initializers
    Feature record: CXX_FEATURE:1cxx_alias_templates
    Feature record: CXX_FEATURE:1cxx_alignas
    Feature record: CXX_FEATURE:1cxx_alignof
    Feature record: CXX_FEATURE:1cxx_attributes
    Feature record: CXX_FEATURE:0cxx_attribute_deprecated
    Feature record: CXX_FEATURE:1cxx_auto_type
    Feature record: CXX_FEATURE:0cxx_binary_literals
    Feature record: CXX_FEATURE:1cxx_constexpr
    Feature record: CXX_FEATURE:0cxx_contextual_conversions
    Feature record: CXX_FEATURE:1cxx_decltype
    Feature record: CXX_FEATURE:0cxx_decltype_auto
    Feature record: CXX_FEATURE:1cxx_decltype_incomplete_return_types
    Feature record: CXX_FEATURE:1cxx_default_function_template_args
    Feature record: CXX_FEATURE:1cxx_defaulted_functions
    Feature record: CXX_FEATURE:1cxx_defaulted_move_initializers
    Feature record: CXX_FEATURE:1cxx_delegating_constructors
    Feature record: CXX_FEATURE:1cxx_deleted_functions
    Feature record: CXX_FEATURE:0cxx_digit_separators
    Feature record: CXX_FEATURE:1cxx_enum_forward_declarations
    Feature record: CXX_FEATURE:1cxx_explicit_conversions
    Feature record: CXX_FEATURE:1cxx_extended_friend_declarations
    Feature record: CXX_FEATURE:1cxx_extern_templates
    Feature record: CXX_FEATURE:1cxx_final
    Feature record: CXX_FEATURE:1cxx_func_identifier
    Feature record: CXX_FEATURE:1cxx_generalized_initializers
    Feature record: CXX_FEATURE:0cxx_generic_lambdas
    Feature record: CXX_FEATURE:1cxx_inheriting_constructors
    Feature record: CXX_FEATURE:1cxx_inline_namespaces
    Feature record: CXX_FEATURE:1cxx_lambdas
    Feature record: CXX_FEATURE:0cxx_lambda_init_captures
    Feature record: CXX_FEATURE:1cxx_local_type_template_args
    Feature record: CXX_FEATURE:1cxx_long_long_type
    Feature record: CXX_FEATURE:1cxx_noexcept
    Feature record: CXX_FEATURE:1cxx_nonstatic_member_init
    Feature record: CXX_FEATURE:1cxx_nullptr
    Feature record: CXX_FEATURE:1cxx_override
    Feature record: CXX_FEATURE:1cxx_range_for
    Feature record: CXX_FEATURE:1cxx_raw_string_literals
    Feature record: CXX_FEATURE:1cxx_reference_qualified_functions
    Feature record: CXX_FEATURE:0cxx_relaxed_constexpr
    Feature record: CXX_FEATURE:0cxx_return_type_deduction
    Feature record: CXX_FEATURE:1cxx_right_angle_brackets
    Feature record: CXX_FEATURE:1cxx_rvalue_references
    Feature record: CXX_FEATURE:1cxx_sizeof_member
    Feature record: CXX_FEATURE:1cxx_static_assert
    Feature record: CXX_FEATURE:1cxx_strong_enums
    Feature record: CXX_FEATURE:1cxx_template_template_parameters
    Feature record: CXX_FEATURE:1cxx_thread_local
    Feature record: CXX_FEATURE:1cxx_trailing_return_types
    Feature record: CXX_FEATURE:1cxx_unicode_literals
    Feature record: CXX_FEATURE:1cxx_uniform_initialization
    Feature record: CXX_FEATURE:1cxx_unrestricted_unions
    Feature record: CXX_FEATURE:1cxx_user_literals
    Feature record: CXX_FEATURE:0cxx_variable_templates
    Feature record: CXX_FEATURE:1cxx_variadic_macros
    Feature record: CXX_FEATURE:1cxx_variadic_templates


Detecting CXX [-std=c++11] compiler features compiled with the following output:
Change Dir: /home/ubuntu/DriverlessCarChallenge/jetson/carControl/src/0.3/CMakeFiles/CMakeTmp

Run Build Command:"/usr/bin/make" "cmTryCompileExec1803438659/fast"
/usr/bin/make -f CMakeFiles/cmTryCompileExec1803438659.dir/build.make CMakeFiles/cmTryCompileExec1803438659.dir/build
make[1]: Entering directory `/home/ubuntu/DriverlessCarChallenge/jetson/carControl/src/0.3/CMakeFiles/CMakeTmp'
/usr/bin/cmake -E cmake_progress_report /home/ubuntu/DriverlessCarChallenge/jetson/carControl/src/0.3/CMakeFiles/CMakeTmp/CMakeFiles 1
Building CXX object CMakeFiles/cmTryCompileExec1803438659.dir/feature_tests.cxx.o
/usr/bin/c++    -std=c++11 -o CMakeFiles/cmTryCompileExec1803438659.dir/feature_tests.cxx.o -c /home/ubuntu/DriverlessCarChallenge/jetson/carControl/src/0.3/CMakeFiles/feature_tests.cxx
Linking CXX executable cmTryCompileExec1803438659
/usr/bin/cmake -E cmake_link_script CMakeFiles/cmTryCompileExec1803438659.dir/link.txt --verbose=1
/usr/bin/c++        CMakeFiles/cmTryCompileExec1803438659.dir/feature_tests.cxx.o  -o cmTryCompileExec1803438659 -rdynamic 
make[1]: Leaving directory `/home/ubuntu/DriverlessCarChallenge/jetson/carControl/src/0.3/CMakeFiles/CMakeTmp'


    Feature record: CXX_FEATURE:0cxx_aggregate_default_initializers
    Feature record: CXX_FEATURE:1cxx_alias_templates
    Feature record: CXX_FEATURE:1cxx_alignas
    Feature record: CXX_FEATURE:1cxx_alignof
    Feature record: CXX_FEATURE:1cxx_attributes
    Feature record: CXX_FEATURE:0cxx_attribute_deprecated
    Feature record: CXX_FEATURE:1cxx_auto_type
    Feature record: CXX_FEATURE:0cxx_binary_literals
    Feature record: CXX_FEATURE:1cxx_constexpr
    Feature record: CXX_FEATURE:0cxx_contextual_conversions
    Feature record: CXX_FEATURE:1cxx_decltype
    Feature record: CXX_FEATURE:0cxx_decltype_auto
    Feature record: CXX_FEATURE:1cxx_decltype_incomplete_return_types
    Feature record: CXX_FEATURE:1cxx_default_function_template_args
    Feature record: CXX_FEATURE:1cxx_defaulted_functions
    Feature record: CXX_FEATURE:1cxx_defaulted_move_initializers
    Feature record: CXX_FEATURE:1cxx_delegating_constructors
    Feature record: CXX_FEATURE:1cxx_deleted_functions
    Feature record: CXX_FEATURE:0cxx_digit_separators
    Feature record: CXX_FEATURE:1cxx_enum_forward_declarations
    Feature record: CXX_FEATURE:1cxx_explicit_conversions
    Feature record: CXX_FEATURE:1cxx_extended_friend_declarations
    Feature record: CXX_FEATURE:1cxx_extern_templates
    Feature record: CXX_FEATURE:1cxx_final
    Feature record: CXX_FEATURE:1cxx_func_identifier
    Feature record: CXX_FEATURE:1cxx_generalized_initializers
    Feature record: CXX_FEATURE:0cxx_generic_lambdas
    Feature record: CXX_FEATURE:1cxx_inheriting_constructors
    Feature record: CXX_FEATURE:1cxx_inline_namespaces
    Feature record: CXX_FEATURE:1cxx_lambdas
    Feature record: CXX_FEATURE:0cxx_lambda_init_captures
    Feature record: CXX_FEATURE:1cxx_local_type_template_args
    Feature record: CXX_FEATURE:1cxx_long_long_type
    Feature record: CXX_FEATURE:1cxx_noexcept
    Feature record: CXX_FEATURE:1cxx_nonstatic_member_init
    Feature record: CXX_FEATURE:1cxx_nullptr
    Feature record: CXX_FEATURE:1cxx_override
    Feature record: CXX_FEATURE:1cxx_range_for
    Feature record: CXX_FEATURE:1cxx_raw_string_literals
    Feature record: CXX_FEATURE:1cxx_reference_qualified_functions
    Feature record: CXX_FEATURE:0cxx_relaxed_constexpr
    Feature record: CXX_FEATURE:0cxx_return_type_deduction
    Feature record: CXX_FEATURE:1cxx_right_angle_brackets
    Feature record: CXX_FEATURE:1cxx_rvalue_references
    Feature record: CXX_FEATURE:1cxx_sizeof_member
    Feature record: CXX_FEATURE:1cxx_static_assert
    Feature record: CXX_FEATURE:1cxx_strong_enums
    Feature record: CXX_FEATURE:1cxx_template_template_parameters
    Feature record: CXX_FEATURE:1cxx_thread_local
    Feature record: CXX_FEATURE:1cxx_trailing_return_types
    Feature record: CXX_FEATURE:1cxx_unicode_literals
    Feature record: CXX_FEATURE:1cxx_uniform_initialization
    Feature record: CXX_FEATURE:1cxx_unrestricted_unions
    Feature record: CXX_FEATURE:1cxx_user_literals
    Feature record: CXX_FEATURE:0cxx_variable_templates
    Feature record: CXX_FEATURE:1cxx_variadic_macros
    Feature record: CXX_FEATURE:1cxx_variadic_templates


Detecting CXX [-std=c++98] compiler features compiled with the following output:
Change Dir: /home/ubuntu/DriverlessCarChallenge/jetson/carControl/src/0.3/CMakeFiles/CMakeTmp

Run Build Command:"/usr/bin/make" "cmTryCompileExec395648508/fast"
/usr/bin/make -f CMakeFiles/cmTryCompileExec395648508.dir/build.make CMakeFiles/cmTryCompileExec395648508.dir/build
make[1]: Entering directory `/home/ubuntu/DriverlessCarChallenge/jetson/carControl/src/0.3/CMakeFiles/CMakeTmp'
/usr/bin/cmake -E cmake_progress_report /home/ubuntu/DriverlessCarChallenge/jetson/carControl/src/0.3/CMakeFiles/CMakeTmp/CMakeFiles 1
Building CXX object CMakeFiles/cmTryCompileExec395648508.dir/feature_tests.cxx.o
/usr/bin/c++    -std=c++98 -o CMakeFiles/cmTryCompileExec395648508.dir/feature_tests.cxx.o -c /home/ubuntu/DriverlessCarChallenge/jetson/carControl/src/0.3/CMakeFiles/feature_tests.cxx
Linking CXX executable cmTryCompileExec395648508
/usr/bin/cmake -E cmake_link_script CMakeFiles/cmTryCompileExec395648508.dir/link.txt --verbose=1
/usr/bin/c++        CMakeFiles/cmTryCompileExec395648508.dir/feature_tests.cxx.o  -o cmTryCompileExec395648508 -rdynamic 
make[1]: Leaving directory `/home/ubuntu/DriverlessCarChallenge/jetson/carControl/src/0.3/CMakeFiles/CMakeTmp'


    Feature record: CXX_FEATURE:0cxx_aggregate_default_initializers
    Feature record: CXX_FEATURE:0cxx_alias_templates
    Feature record: CXX_FEATURE:0cxx_alignas
    Feature record: CXX_FEATURE:0cxx_alignof
    Feature record: CXX_FEATURE:0cxx_attributes
    Feature record: CXX_FEATURE:0cxx_attribute_deprecated
    Feature record: CXX_FEATURE:0cxx_auto_type
    Feature record: CXX_FEATURE:0cxx_binary_literals
    Feature record: CXX_FEATURE:0cxx_constexpr
    Feature record: CXX_FEATURE:0cxx_contextual_conversions
    Feature record: CXX_FEATURE:0cxx_decltype
    Feature record: CXX_FEATURE:0cxx_decltype_auto
    Feature record: CXX_FEATURE:0cxx_decltype_incomplete_return_types
    Feature record: CXX_FEATURE:0cxx_default_function_template_args
    Feature record: CXX_FEATURE:0cxx_defaulted_functions
    Feature record: CXX_FEATURE:0cxx_defaulted_move_initializers
    Feature record: CXX_FEATURE:0cxx_delegating_constructors
    Feature record: CXX_FEATURE:0cxx_deleted_functions
    Feature record: CXX_FEATURE:0cxx_digit_separators
    Feature record: CXX_FEATURE:0cxx_enum_forward_declarations
    Feature record: CXX_FEATURE:0cxx_explicit_conversions
    Feature record: CXX_FEATURE:0cxx_extended_friend_declarations
    Feature record: CXX_FEATURE:0cxx_extern_templates
    Feature record: CXX_FEATURE:0cxx_final
    Feature record: CXX_FEATURE:0cxx_func_identifier
    Feature record: CXX_FEATURE:0cxx_generalized_initializers
    Feature record: CXX_FEATURE:0cxx_generic_lambdas
    Feature record: CXX_FEATURE:0cxx_inheriting_constructors
    Feature record: CXX_FEATURE:0cxx_inline_namespaces
    Feature record: CXX_FEATURE:0cxx_lambdas
    Feature record: CXX_FEATURE:0cxx_lambda_init_captures
    Feature record: CXX_FEATURE:0cxx_local_type_template_args
    Feature record: CXX_FEATURE:0cxx_long_long_type
    Feature record: CXX_FEATURE:0cxx_noexcept
    Feature record: CXX_FEATURE:0cxx_nonstatic_member_init
    Feature record: CXX_FEATURE:0cxx_nullptr
    Feature record: CXX_FEATURE:0cxx_override
    Feature record: CXX_FEATURE:0cxx_range_for
    Feature record: CXX_FEATURE:0cxx_raw_string_literals
    Feature record: CXX_FEATURE:0cxx_reference_qualified_functions
    Feature record: CXX_FEATURE:0cxx_relaxed_constexpr
    Feature record: CXX_FEATURE:0cxx_return_type_deduction
    Feature record: CXX_FEATURE:0cxx_right_angle_brackets
    Feature record: CXX_FEATURE:0cxx_rvalue_references
    Feature record: CXX_FEATURE:0cxx_sizeof_member
    Feature record: CXX_FEATURE:0cxx_static_assert
    Feature record: CXX_FEATURE:0cxx_strong_enums
    Feature record: CXX_FEATURE:1cxx_template_template_parameters
    Feature record: CXX_FEATURE:0cxx_thread_local
    Feature record: CXX_FEATURE:0cxx_trailing_return_types
    Feature record: CXX_FEATURE:0cxx_unicode_literals
    Feature record: CXX_FEATURE:0cxx_uniform_initialization
    Feature record: CXX_FEATURE:0cxx_unrestricted_unions
    Feature record: CXX_FEATURE:0cxx_user_literals
    Feature record: CXX_FEATURE:0cxx_variable_templates
    Feature record: CXX_FEATURE:0cxx_variadic_macros
    Feature record: CXX_FEATURE:0cxx_variadic_templates
Performing C SOURCE FILE Test OpenMP_FLAG_DETECTED succeded with the following output:
Change Dir: /home/ubuntu/DriverlessCarChallenge/jetson/carControl/src/0.3/CMakeFiles/CMakeTmp

Run Build Command:"/usr/bin/make" "cmTryCompileExec1116844520/fast"
/usr/bin/make -f CMakeFiles/cmTryCompileExec1116844520.dir/build.make CMakeFiles/cmTryCompileExec1116844520.dir/build
make[1]: Entering directory `/home/ubuntu/DriverlessCarChallenge/jetson/carControl/src/0.3/CMakeFiles/CMakeTmp'
/usr/bin/cmake -E cmake_progress_report /home/ubuntu/DriverlessCarChallenge/jetson/carControl/src/0.3/CMakeFiles/CMakeTmp/CMakeFiles 1
Building C object CMakeFiles/cmTryCompileExec1116844520.dir/src.c.o
/usr/bin/cc   -DOpenMP_FLAG_DETECTED -fopenmp   -o CMakeFiles/cmTryCompileExec1116844520.dir/src.c.o   -c /home/ubuntu/DriverlessCarChallenge/jetson/carControl/src/0.3/CMakeFiles/CMakeTmp/src.c
Linking C executable cmTryCompileExec1116844520
/usr/bin/cmake -E cmake_link_script CMakeFiles/cmTryCompileExec1116844520.dir/link.txt --verbose=1
/usr/bin/cc   -DOpenMP_FLAG_DETECTED -fopenmp    CMakeFiles/cmTryCompileExec1116844520.dir/src.c.o  -o cmTryCompileExec1116844520 -rdynamic 
make[1]: Leaving directory `/home/ubuntu/DriverlessCarChallenge/jetson/carControl/src/0.3/CMakeFiles/CMakeTmp'

Source file was:

#include <omp.h>
int main() {
#ifdef _OPENMP
  return 0;
#else
  breaks_on_purpose
#endif
}

Performing C++ SOURCE FILE Test OpenMP_FLAG_DETECTED succeded with the following output:
Change Dir: /home/ubuntu/DriverlessCarChallenge/jetson/carControl/src/0.3/CMakeFiles/CMakeTmp

Run Build Command:"/usr/bin/make" "cmTryCompileExec3124106093/fast"
/usr/bin/make -f CMakeFiles/cmTryCompileExec3124106093.dir/build.make CMakeFiles/cmTryCompileExec3124106093.dir/build
make[1]: Entering directory `/home/ubuntu/DriverlessCarChallenge/jetson/carControl/src/0.3/CMakeFiles/CMakeTmp'
/usr/bin/cmake -E cmake_progress_report /home/ubuntu/DriverlessCarChallenge/jetson/carControl/src/0.3/CMakeFiles/CMakeTmp/CMakeFiles 1
Building CXX object CMakeFiles/cmTryCompileExec3124106093.dir/src.cxx.o
/usr/bin/c++    -DOpenMP_FLAG_DETECTED -fopenmp   -o CMakeFiles/cmTryCompileExec3124106093.dir/src.cxx.o -c /home/ubuntu/DriverlessCarChallenge/jetson/carControl/src/0.3/CMakeFiles/CMakeTmp/src.cxx
Linking CXX executable cmTryCompileExec3124106093
/usr/bin/cmake -E cmake_link_script CMakeFiles/cmTryCompileExec3124106093.dir/link.txt --verbose=1
/usr/bin/c++    -DOpenMP_FLAG_DETECTED -fopenmp    CMakeFiles/cmTryCompileExec3124106093.dir/src.cxx.o  -o cmTryCompileExec3124106093 -rdynamic 
make[1]: Leaving directory `/home/ubuntu/DriverlessCarChallenge/jetson/carControl/src/0.3/CMakeFiles/CMakeTmp'

Source file was:

#include <omp.h>
int main() {
#ifdef _OPENMP
  return 0;
#else
  breaks_on_purpose
#endif
}

Performing C SOURCE FILE Test OpenMP_FLAG_DETECTED succeded with the following output:
Change Dir: /home/ubuntu/DriverlessCarChallenge/jetson/carControl/src/0.3/CMakeFiles/CMakeTmp

Run Build Command:"/usr/bin/make" "cmTryCompileExec75101758/fast"
/usr/bin/make -f CMakeFiles/cmTryCompileExec75101758.dir/build.make CMakeFiles/cmTryCompileExec75101758.dir/build
make[1]: Entering directory `/home/ubuntu/DriverlessCarChallenge/jetson/carControl/src/0.3/CMakeFiles/CMakeTmp'
/usr/bin/cmake -E cmake_progress_report /home/ubuntu/DriverlessCarChallenge/jetson/carControl/src/0.3/CMakeFiles/CMakeTmp/CMakeFiles 1
Building C object CMakeFiles/cmTryCompileExec75101758.dir/src.c.o
/usr/bin/cc   -DOpenMP_FLAG_DETECTED -fopenmp   -o CMakeFiles/cmTryCompileExec75101758.dir/src.c.o   -c /home/ubuntu/DriverlessCarChallenge/jetson/carControl/src/0.3/CMakeFiles/CMakeTmp/src.c
Linking C executable cmTryCompileExec75101758
/usr/bin/cmake -E cmake_link_script CMakeFiles/cmTryCompileExec75101758.dir/link.txt --verbose=1
/usr/bin/cc   -DOpenMP_FLAG_DETECTED -fopenmp    CMakeFiles/cmTryCompileExec75101758.dir/src.c.o  -o cmTryCompileExec75101758 -rdynamic 
make[1]: Leaving directory `/home/ubuntu/DriverlessCarChallenge/jetson/carControl/src/0.3/CMakeFiles/CMakeTmp'

Source file was:

#include <omp.h>
int main() {
#ifdef _OPENMP
  return 0;
#else
  breaks_on_purpose
#endif
}

Performing C++ SOURCE FILE Test OpenMP_FLAG_DETECTED succeded with the following output:
Change Dir: /home/ubuntu/DriverlessCarChallenge/jetson/carControl/src/0.3/CMakeFiles/CMakeTmp

Run Build Command:"/usr/bin/make" "cmTryCompileExec3575961800/fast"
/usr/bin/make -f CMakeFiles/cmTryCompileExec3575961800.dir/build.make CMakeFiles/cmTryCompileExec3575961800.dir/build
make[1]: Entering directory `/home/ubuntu/DriverlessCarChallenge/jetson/carControl/src/0.3/CMakeFiles/CMakeTmp'
/usr/bin/cmake -E cmake_progress_report /home/ubuntu/DriverlessCarChallenge/jetson/carControl/src/0.3/CMakeFiles/CMakeTmp/CMakeFiles 1
Building CXX object CMakeFiles/cmTryCompileExec3575961800.dir/src.cxx.o
/usr/bin/c++    -DOpenMP_FLAG_DETECTED -fopenmp   -o CMakeFiles/cmTryCompileExec3575961800.dir/src.cxx.o -c /home/ubuntu/DriverlessCarChallenge/jetson/carControl/src/0.3/CMakeFiles/CMakeTmp/src.cxx
Linking CXX executable cmTryCompileExec3575961800
/usr/bin/cmake -E cmake_link_script CMakeFiles/cmTryCompileExec3575961800.dir/link.txt --verbose=1
/usr/bin/c++    -DOpenMP_FLAG_DETECTED -fopenmp    CMakeFiles/cmTryCompileExec3575961800.dir/src.cxx.o  -o cmTryCompileExec3575961800 -rdynamic 
make[1]: Leaving directory `/home/ubuntu/DriverlessCarChallenge/jetson/carControl/src/0.3/CMakeFiles/CMakeTmp'

Source file was:

#include <omp.h>
int main() {
#ifdef _OPENMP
  return 0;
#else
  breaks_on_purpose
#endif
}

Determining if files pthread.h exist passed with the following output:
Change Dir: /home/ubuntu/DriverlessCarChallenge/jetson/carControl/src/0.3/CMakeFiles/CMakeTmp

Run Build Command:"/usr/bin/make" "cmTryCompileExec2830643083/fast"
/usr/bin/make -f CMakeFiles/cmTryCompileExec2830643083.dir/build.make CMakeFiles/cmTryCompileExec2830643083.dir/build
make[1]: Entering directory `/home/ubuntu/DriverlessCarChallenge/jetson/carControl/src/0.3/CMakeFiles/CMakeTmp'
/usr/bin/cmake -E cmake_progress_report /home/ubuntu/DriverlessCarChallenge/jetson/carControl/src/0.3/CMakeFiles/CMakeTmp/CMakeFiles 1
Building C object CMakeFiles/cmTryCompileExec2830643083.dir/CheckIncludeFiles.c.o
/usr/bin/cc   -fopenmp    -o CMakeFiles/cmTryCompileExec2830643083.dir/CheckIncludeFiles.c.o   -c /home/ubuntu/DriverlessCarChallenge/jetson/carControl/src/0.3/CMakeFiles/CMakeTmp/CheckIncludeFiles.c
Linking C executable cmTryCompileExec2830643083
/usr/bin/cmake -E cmake_link_script CMakeFiles/cmTryCompileExec2830643083.dir/link.txt --verbose=1
/usr/bin/cc   -fopenmp     CMakeFiles/cmTryCompileExec2830643083.dir/CheckIncludeFiles.c.o  -o cmTryCompileExec2830643083 -rdynamic 
make[1]: Leaving directory `/home/ubuntu/DriverlessCarChallenge/jetson/carControl/src/0.3/CMakeFiles/CMakeTmp'


Determining if the pthread_create exist passed with the following output:
Change Dir: /home/ubuntu/DriverlessCarChallenge/jetson/carControl/src/0.3/CMakeFiles/CMakeTmp

Run Build Command:"/usr/bin/make" "cmTryCompileExec1900065848/fast"
/usr/bin/make -f CMakeFiles/cmTryCompileExec1900065848.dir/build.make CMakeFiles/cmTryCompileExec1900065848.dir/build
make[1]: Entering directory `/home/ubuntu/DriverlessCarChallenge/jetson/carControl/src/0.3/CMakeFiles/CMakeTmp'
/usr/bin/cmake -E cmake_progress_report /home/ubuntu/DriverlessCarChallenge/jetson/carControl/src/0.3/CMakeFiles/CMakeTmp/CMakeFiles 1
Building C object CMakeFiles/cmTryCompileExec1900065848.dir/CheckSymbolExists.c.o
/usr/bin/cc   -fopenmp    -o CMakeFiles/cmTryCompileExec1900065848.dir/CheckSymbolExists.c.o   -c /home/ubuntu/DriverlessCarChallenge/jetson/carControl/src/0.3/CMakeFiles/CMakeTmp/CheckSymbolExists.c
Linking C executable cmTryCompileExec1900065848
/usr/bin/cmake -E cmake_link_script CMakeFiles/cmTryCompileExec1900065848.dir/link.txt --verbose=1
/usr/bin/cc   -fopenmp     CMakeFiles/cmTryCompileExec1900065848.dir/CheckSymbolExists.c.o  -o cmTryCompileExec1900065848 -rdynamic 
make[1]: Leaving directory `/home/ubuntu/DriverlessCarChallenge/jetson/carControl/src/0.3/CMakeFiles/CMakeTmp'

File /home/ubuntu/DriverlessCarChallenge/jetson/carControl/src/0.3/CMakeFiles/CMakeTmp/CheckSymbolExists.c:
/* */
#include <pthread.h>

int main(int argc, char** argv)
{
  (void)argv;
#ifndef pthread_create
  return ((int*)(&pthread_create))[argc];
#else
  (void)argc;
  return 0;
#endif
}

Determining if the function XOpenDisplay exists in the /usr/lib/arm-linux-gnueabihf/libX11.so;/usr/lib/arm-linux-gnueabihf/libXext.so passed with the following output:
Change Dir: /home/ubuntu/DriverlessCarChallenge/jetson/carControl/src/0.3/CMakeFiles/CMakeTmp

Run Build Command:"/usr/bin/make" "cmTryCompileExec3317123370/fast"
/usr/bin/make -f CMakeFiles/cmTryCompileExec3317123370.dir/build.make CMakeFiles/cmTryCompileExec3317123370.dir/build
make[1]: Entering directory `/home/ubuntu/DriverlessCarChallenge/jetson/carControl/src/0.3/CMakeFiles/CMakeTmp'
/usr/bin/cmake -E cmake_progress_report /home/ubuntu/DriverlessCarChallenge/jetson/carControl/src/0.3/CMakeFiles/CMakeTmp/CMakeFiles 1
Building C object CMakeFiles/cmTryCompileExec3317123370.dir/CheckFunctionExists.c.o
/usr/bin/cc   -fopenmp -DCHECK_FUNCTION_EXISTS=XOpenDisplay   -o CMakeFiles/cmTryCompileExec3317123370.dir/CheckFunctionExists.c.o   -c /usr/share/cmake-3.2/Modules/CheckFunctionExists.c
Linking C executable cmTryCompileExec3317123370
/usr/bin/cmake -E cmake_link_script CMakeFiles/cmTryCompileExec3317123370.dir/link.txt --verbose=1
/usr/bin/cc   -fopenmp -DCHECK_FUNCTION_EXISTS=XOpenDisplay    CMakeFiles/cmTryCompileExec3317123370.dir/CheckFunctionExists.c.o  -o cmTryCompileExec3317123370 -rdynamic -lX11 -lXext 
make[1]: Leaving directory `/home/ubuntu/DriverlessCarChallenge/jetson/carControl/src/0.3/CMakeFiles/CMakeTmp'


Determining if the function gethostbyname exists passed with the following output:
Change Dir: /home/ubuntu/DriverlessCarChallenge/jetson/carControl/src/0.3/CMakeFiles/CMakeTmp

Run Build Command:"/usr/bin/make" "cmTryCompileExec1195555225/fast"
/usr/bin/make -f CMakeFiles/cmTryCompileExec1195555225.dir/build.make CMakeFiles/cmTryCompileExec1195555225.dir/build
make[1]: Entering directory `/home/ubuntu/DriverlessCarChallenge/jetson/carControl/src/0.3/CMakeFiles/CMakeTmp'
/usr/bin/cmake -E cmake_progress_report /home/ubuntu/DriverlessCarChallenge/jetson/carControl/src/0.3/CMakeFiles/CMakeTmp/CMakeFiles 1
Building C object CMakeFiles/cmTryCompileExec1195555225.dir/CheckFunctionExists.c.o
/usr/bin/cc   -fopenmp -DCHECK_FUNCTION_EXISTS=gethostbyname   -o CMakeFiles/cmTryCompileExec1195555225.dir/CheckFunctionExists.c.o   -c /usr/share/cmake-3.2/Modules/CheckFunctionExists.c
Linking C executable cmTryCompileExec1195555225
/usr/bin/cmake -E cmake_link_script CMakeFiles/cmTryCompileExec1195555225.dir/link.txt --verbose=1
/usr/bin/cc   -fopenmp -DCHECK_FUNCTION_EXISTS=gethostbyname    CMakeFiles/cmTryCompileExec1195555225.dir/CheckFunctionExists.c.o  -o cmTryCompileExec1195555225 -rdynamic 
make[1]: Leaving directory `/home/ubuntu/DriverlessCarChallenge/jetson/carControl/src/0.3/CMakeFiles/CMakeTmp'


Determining if the function connect exists passed with the following output:
Change Dir: /home/ubuntu/DriverlessCarChallenge/jetson/carControl/src/0.3/CMakeFiles/CMakeTmp

Run Build Command:"/usr/bin/make" "cmTryCompileExec847384307/fast"
/usr/bin/make -f CMakeFiles/cmTryCompileExec847384307.dir/build.make CMakeFiles/cmTryCompileExec847384307.dir/build
make[1]: Entering directory `/home/ubuntu/DriverlessCarChallenge/jetson/carControl/src/0.3/CMakeFiles/CMakeTmp'
/usr/bin/cmake -E cmake_progress_report /home/ubuntu/DriverlessCarChallenge/jetson/carControl/src/0.3/CMakeFiles/CMakeTmp/CMakeFiles 1
Building C object CMakeFiles/cmTryCompileExec847384307.dir/CheckFunctionExists.c.o
/usr/bin/cc   -fopenmp -DCHECK_FUNCTION_EXISTS=connect   -o CMakeFiles/cmTryCompileExec847384307.dir/CheckFunctionExists.c.o   -c /usr/share/cmake-3.2/Modules/CheckFunctionExists.c
Linking C executable cmTryCompileExec847384307
/usr/bin/cmake -E cmake_link_script CMakeFiles/cmTryCompileExec847384307.dir/link.txt --verbose=1
/usr/bin/cc   -fopenmp -DCHECK_FUNCTION_EXISTS=connect    CMakeFiles/cmTryCompileExec847384307.dir/CheckFunctionExists.c.o  -o cmTryCompileExec847384307 -rdynamic 
make[1]: Leaving directory `/home/ubuntu/DriverlessCarChallenge/jetson/carControl/src/0.3/CMakeFiles/CMakeTmp'


Determining if the function remove exists passed with the following output:
Change Dir: /home/ubuntu/DriverlessCarChallenge/jetson/carControl/src/0.3/CMakeFiles/CMakeTmp

Run Build Command:"/usr/bin/make" "cmTryCompileExec41208036/fast"
/usr/bin/make -f CMakeFiles/cmTryCompileExec41208036.dir/build.make CMakeFiles/cmTryCompileExec41208036.dir/build
make[1]: Entering directory `/home/ubuntu/DriverlessCarChallenge/jetson/carControl/src/0.3/CMakeFiles/CMakeTmp'
/usr/bin/cmake -E cmake_progress_report /home/ubuntu/DriverlessCarChallenge/jetson/carControl/src/0.3/CMakeFiles/CMakeTmp/CMakeFiles 1
Building C object CMakeFiles/cmTryCompileExec41208036.dir/CheckFunctionExists.c.o
/usr/bin/cc   -fopenmp -DCHECK_FUNCTION_EXISTS=remove   -o CMakeFiles/cmTryCompileExec41208036.dir/CheckFunctionExists.c.o   -c /usr/share/cmake-3.2/Modules/CheckFunctionExists.c
Linking C executable cmTryCompileExec41208036
/usr/bin/cmake -E cmake_link_script CMakeFiles/cmTryCompileExec41208036.dir/link.txt --verbose=1
/usr/bin/cc   -fopenmp -DCHECK_FUNCTION_EXISTS=remove    CMakeFiles/cmTryCompileExec41208036.dir/CheckFunctionExists.c.o  -o cmTryCompileExec41208036 -rdynamic 
make[1]: Leaving directory `/home/ubuntu/DriverlessCarChallenge/jetson/carControl/src/0.3/CMakeFiles/CMakeTmp'


Determining if the function shmat exists passed with the following output:
Change Dir: /home/ubuntu/DriverlessCarChallenge/jetson/carControl/src/0.3/CMakeFiles/CMakeTmp

Run Build Command:"/usr/bin/make" "cmTryCompileExec4235856411/fast"
/usr/bin/make -f CMakeFiles/cmTryCompileExec4235856411.dir/build.make CMakeFiles/cmTryCompileExec4235856411.dir/build
make[1]: Entering directory `/home/ubuntu/DriverlessCarChallenge/jetson/carControl/src/0.3/CMakeFiles/CMakeTmp'
/usr/bin/cmake -E cmake_progress_report /home/ubuntu/DriverlessCarChallenge/jetson/carControl/src/0.3/CMakeFiles/CMakeTmp/CMakeFiles 1
Building C object CMakeFiles/cmTryCompileExec4235856411.dir/CheckFunctionExists.c.o
/usr/bin/cc   -fopenmp -DCHECK_FUNCTION_EXISTS=shmat   -o CMakeFiles/cmTryCompileExec4235856411.dir/CheckFunctionExists.c.o   -c /usr/share/cmake-3.2/Modules/CheckFunctionExists.c
Linking C executable cmTryCompileExec4235856411
/usr/bin/cmake -E cmake_link_script CMakeFiles/cmTryCompileExec4235856411.dir/link.txt --verbose=1
/usr/bin/cc   -fopenmp -DCHECK_FUNCTION_EXISTS=shmat    CMakeFiles/cmTryCompileExec4235856411.dir/CheckFunctionExists.c.o  -o cmTryCompileExec4235856411 -rdynamic 
make[1]: Leaving directory `/home/ubuntu/DriverlessCarChallenge/jetson/carControl/src/0.3/CMakeFiles/CMakeTmp'


Determining if the function IceConnectionNumber exists in the ICE passed with the following output:
Change Dir: /home/ubuntu/DriverlessCarChallenge/jetson/carControl/src/0.3/CMakeFiles/CMakeTmp

Run Build Command:"/usr/bin/make" "cmTryCompileExec3816723894/fast"
/usr/bin/make -f CMakeFiles/cmTryCompileExec3816723894.dir/build.make CMakeFiles/cmTryCompileExec3816723894.dir/build
make[1]: Entering directory `/home/ubuntu/DriverlessCarChallenge/jetson/carControl/src/0.3/CMakeFiles/CMakeTmp'
/usr/bin/cmake -E cmake_progress_report /home/ubuntu/DriverlessCarChallenge/jetson/carControl/src/0.3/CMakeFiles/CMakeTmp/CMakeFiles 1
Building C object CMakeFiles/cmTryCompileExec3816723894.dir/CheckFunctionExists.c.o
/usr/bin/cc   -fopenmp -DCHECK_FUNCTION_EXISTS=IceConnectionNumber   -o CMakeFiles/cmTryCompileExec3816723894.dir/CheckFunctionExists.c.o   -c /usr/share/cmake-3.2/Modules/CheckFunctionExists.c
Linking C executable cmTryCompileExec3816723894
/usr/bin/cmake -E cmake_link_script CMakeFiles/cmTryCompileExec3816723894.dir/link.txt --verbose=1
/usr/bin/cc   -fopenmp -DCHECK_FUNCTION_EXISTS=IceConnectionNumber    CMakeFiles/cmTryCompileExec3816723894.dir/CheckFunctionExists.c.o  -o cmTryCompileExec3816723894 -rdynamic -lICE 
make[1]: Leaving directory `/home/ubuntu/DriverlessCarChallenge/jetson/carControl/src/0.3/CMakeFiles/CMakeTmp'


Determining if the function png_create_read_struct exists passed with the following output:
Change Dir: /home/ubuntu/DriverlessCarChallenge/jetson/carControl/src/0.3/CMakeFiles/CMakeTmp

Run Build Command:"/usr/bin/make" "cmTryCompileExec2443029366/fast"
/usr/bin/make -f CMakeFiles/cmTryCompileExec2443029366.dir/build.make CMakeFiles/cmTryCompileExec2443029366.dir/build
make[1]: Entering directory `/home/ubuntu/DriverlessCarChallenge/jetson/carControl/src/0.3/CMakeFiles/CMakeTmp'
/usr/bin/cmake -E cmake_progress_report /home/ubuntu/DriverlessCarChallenge/jetson/carControl/src/0.3/CMakeFiles/CMakeTmp/CMakeFiles 1
Building C object CMakeFiles/cmTryCompileExec2443029366.dir/CheckFunctionExists.c.o
/usr/bin/cc   -fopenmp -DCHECK_FUNCTION_EXISTS=png_create_read_struct   -o CMakeFiles/cmTryCompileExec2443029366.dir/CheckFunctionExists.c.o   -c /usr/share/cmake-3.2/Modules/CheckFunctionExists.c
Linking C executable cmTryCompileExec2443029366
/usr/bin/cmake -E cmake_link_script CMakeFiles/cmTryCompileExec2443029366.dir/link.txt --verbose=1
/usr/bin/cc   -fopenmp -DCHECK_FUNCTION_EXISTS=png_create_read_struct    CMakeFiles/cmTryCompileExec2443029366.dir/CheckFunctionExists.c.o  -o cmTryCompileExec2443029366 -rdynamic -lpng -lz 
make[1]: Leaving directory `/home/ubuntu/DriverlessCarChallenge/jetson/carControl/src/0.3/CMakeFiles/CMakeTmp'


Determining if the function jpeg_read_header exists passed with the following output:
Change Dir: /home/ubuntu/DriverlessCarChallenge/jetson/carControl/src/0.3/CMakeFiles/CMakeTmp

Run Build Command:"/usr/bin/make" "cmTryCompileExec3464630863/fast"
/usr/bin/make -f CMakeFiles/cmTryCompileExec3464630863.dir/build.make CMakeFiles/cmTryCompileExec3464630863.dir/build
make[1]: Entering directory `/home/ubuntu/DriverlessCarChallenge/jetson/carControl/src/0.3/CMakeFiles/CMakeTmp'
/usr/bin/cmake -E cmake_progress_report /home/ubuntu/DriverlessCarChallenge/jetson/carControl/src/0.3/CMakeFiles/CMakeTmp/CMakeFiles 1
Building C object CMakeFiles/cmTryCompileExec3464630863.dir/CheckFunctionExists.c.o
/usr/bin/cc   -fopenmp -DCHECK_FUNCTION_EXISTS=jpeg_read_header   -o CMakeFiles/cmTryCompileExec3464630863.dir/CheckFunctionExists.c.o   -c /usr/share/cmake-3.2/Modules/CheckFunctionExists.c
Linking C executable cmTryCompileExec3464630863
/usr/bin/cmake -E cmake_link_script CMakeFiles/cmTryCompileExec3464630863.dir/link.txt --verbose=1
/usr/bin/cc   -fopenmp -DCHECK_FUNCTION_EXISTS=jpeg_read_header    CMakeFiles/cmTryCompileExec3464630863.dir/CheckFunctionExists.c.o  -o cmTryCompileExec3464630863 -rdynamic -ljpeg 
make[1]: Leaving directory `/home/ubuntu/DriverlessCarChallenge/jetson/carControl/src/0.3/CMakeFiles/CMakeTmp'


Determining if the include file sys/types.h exists passed with the following output:
Change Dir: /home/ubuntu/DriverlessCarChallenge/jetson/carControl/src/0.3/CMakeFiles/CMakeTmp

Run Build Command:"/usr/bin/make" "cmTryCompileExec2471109619/fast"
/usr/bin/make -f CMakeFiles/cmTryCompileExec2471109619.dir/build.make CMakeFiles/cmTryCompileExec2471109619.dir/build
make[1]: Entering directory `/home/ubuntu/DriverlessCarChallenge/jetson/carControl/src/0.3/CMakeFiles/CMakeTmp'
/usr/bin/cmake -E cmake_progress_report /home/ubuntu/DriverlessCarChallenge/jetson/carControl/src/0.3/CMakeFiles/CMakeTmp/CMakeFiles 1
Building C object CMakeFiles/cmTryCompileExec2471109619.dir/CheckIncludeFile.c.o
/usr/bin/cc   -fopenmp    -o CMakeFiles/cmTryCompileExec2471109619.dir/CheckIncludeFile.c.o   -c /home/ubuntu/DriverlessCarChallenge/jetson/carControl/src/0.3/CMakeFiles/CMakeTmp/CheckIncludeFile.c
Linking C executable cmTryCompileExec2471109619
/usr/bin/cmake -E cmake_link_script CMakeFiles/cmTryCompileExec2471109619.dir/link.txt --verbose=1
/usr/bin/cc   -fopenmp     CMakeFiles/cmTryCompileExec2471109619.dir/CheckIncludeFile.c.o  -o cmTryCompileExec2471109619 -rdynamic 
make[1]: Leaving directory `/home/ubuntu/DriverlessCarChallenge/jetson/carControl/src/0.3/CMakeFiles/CMakeTmp'


Determining if the include file stdint.h exists passed with the following output:
Change Dir: /home/ubuntu/DriverlessCarChallenge/jetson/carControl/src/0.3/CMakeFiles/CMakeTmp

Run Build Command:"/usr/bin/make" "cmTryCompileExec2918755796/fast"
/usr/bin/make -f CMakeFiles/cmTryCompileExec2918755796.dir/build.make CMakeFiles/cmTryCompileExec2918755796.dir/build
make[1]: Entering directory `/home/ubuntu/DriverlessCarChallenge/jetson/carControl/src/0.3/CMakeFiles/CMakeTmp'
/usr/bin/cmake -E cmake_progress_report /home/ubuntu/DriverlessCarChallenge/jetson/carControl/src/0.3/CMakeFiles/CMakeTmp/CMakeFiles 1
Building C object CMakeFiles/cmTryCompileExec2918755796.dir/CheckIncludeFile.c.o
/usr/bin/cc   -fopenmp    -o CMakeFiles/cmTryCompileExec2918755796.dir/CheckIncludeFile.c.o   -c /home/ubuntu/DriverlessCarChallenge/jetson/carControl/src/0.3/CMakeFiles/CMakeTmp/CheckIncludeFile.c
Linking C executable cmTryCompileExec2918755796
/usr/bin/cmake -E cmake_link_script CMakeFiles/cmTryCompileExec2918755796.dir/link.txt --verbose=1
/usr/bin/cc   -fopenmp     CMakeFiles/cmTryCompileExec2918755796.dir/CheckIncludeFile.c.o  -o cmTryCompileExec2918755796 -rdynamic 
make[1]: Leaving directory `/home/ubuntu/DriverlessCarChallenge/jetson/carControl/src/0.3/CMakeFiles/CMakeTmp'


Determining if the include file stddef.h exists passed with the following output:
Change Dir: /home/ubuntu/DriverlessCarChallenge/jetson/carControl/src/0.3/CMakeFiles/CMakeTmp

Run Build Command:"/usr/bin/make" "cmTryCompileExec3421807970/fast"
/usr/bin/make -f CMakeFiles/cmTryCompileExec3421807970.dir/build.make CMakeFiles/cmTryCompileExec3421807970.dir/build
make[1]: Entering directory `/home/ubuntu/DriverlessCarChallenge/jetson/carControl/src/0.3/CMakeFiles/CMakeTmp'
/usr/bin/cmake -E cmake_progress_report /home/ubuntu/DriverlessCarChallenge/jetson/carControl/src/0.3/CMakeFiles/CMakeTmp/CMakeFiles 1
Building C object CMakeFiles/cmTryCompileExec3421807970.dir/CheckIncludeFile.c.o
/usr/bin/cc   -fopenmp    -o CMakeFiles/cmTryCompileExec3421807970.dir/CheckIncludeFile.c.o   -c /home/ubuntu/DriverlessCarChallenge/jetson/carControl/src/0.3/CMakeFiles/CMakeTmp/CheckIncludeFile.c
Linking C executable cmTryCompileExec3421807970
/usr/bin/cmake -E cmake_link_script CMakeFiles/cmTryCompileExec3421807970.dir/link.txt --verbose=1
/usr/bin/cc   -fopenmp     CMakeFiles/cmTryCompileExec3421807970.dir/CheckIncludeFile.c.o  -o cmTryCompileExec3421807970 -rdynamic 
make[1]: Leaving directory `/home/ubuntu/DriverlessCarChallenge/jetson/carControl/src/0.3/CMakeFiles/CMakeTmp'


Determining size of void* passed with the following output:
Change Dir: /home/ubuntu/DriverlessCarChallenge/jetson/carControl/src/0.3/CMakeFiles/CMakeTmp

Run Build Command:"/usr/bin/make" "cmTryCompileExec4238940920/fast"
/usr/bin/make -f CMakeFiles/cmTryCompileExec4238940920.dir/build.make CMakeFiles/cmTryCompileExec4238940920.dir/build
make[1]: Entering directory `/home/ubuntu/DriverlessCarChallenge/jetson/carControl/src/0.3/CMakeFiles/CMakeTmp'
/usr/bin/cmake -E cmake_progress_report /home/ubuntu/DriverlessCarChallenge/jetson/carControl/src/0.3/CMakeFiles/CMakeTmp/CMakeFiles 1
Building C object CMakeFiles/cmTryCompileExec4238940920.dir/SIZE_OF_VOID_PTR.c.o
/usr/bin/cc   -fopenmp    -o CMakeFiles/cmTryCompileExec4238940920.dir/SIZE_OF_VOID_PTR.c.o   -c /home/ubuntu/DriverlessCarChallenge/jetson/carControl/src/0.3/CMakeFiles/CheckTypeSize/SIZE_OF_VOID_PTR.c
Linking C executable cmTryCompileExec4238940920
/usr/bin/cmake -E cmake_link_script CMakeFiles/cmTryCompileExec4238940920.dir/link.txt --verbose=1
/usr/bin/cc   -fopenmp     CMakeFiles/cmTryCompileExec4238940920.dir/SIZE_OF_VOID_PTR.c.o  -o cmTryCompileExec4238940920 -rdynamic -ljpeg 
make[1]: Leaving directory `/home/ubuntu/DriverlessCarChallenge/jetson/carControl/src/0.3/CMakeFiles/CMakeTmp'


